

Started GET "/searches/1222/" for 127.0.0.1 at Wed Oct 12 21:02:26 +0100 2011

TypeError (superclass must be a Class (Module given)):
  app/models/search.rb:1
  app/controllers/searches_controller.rb:1

Rendered /Library/Ruby/Gems/1.8/gems/actionpack-3.1.1/lib/action_dispatch/middleware/templates/rescues/_trace.erb (1.0ms)
Rendered /Library/Ruby/Gems/1.8/gems/actionpack-3.1.1/lib/action_dispatch/middleware/templates/rescues/_request_and_response.erb (1.3ms)
Rendered /Library/Ruby/Gems/1.8/gems/actionpack-3.1.1/lib/action_dispatch/middleware/templates/rescues/diagnostics.erb within rescues/layout (5.7ms)


Started GET "/searches/" for 127.0.0.1 at Wed Oct 12 21:02:45 +0100 2011

TypeError (superclass must be a Class (Module given)):
  app/models/search.rb:1
  app/controllers/searches_controller.rb:1

Rendered /Library/Ruby/Gems/1.8/gems/actionpack-3.1.1/lib/action_dispatch/middleware/templates/rescues/_trace.erb (1.3ms)
Rendered /Library/Ruby/Gems/1.8/gems/actionpack-3.1.1/lib/action_dispatch/middleware/templates/rescues/_request_and_response.erb (0.7ms)
Rendered /Library/Ruby/Gems/1.8/gems/actionpack-3.1.1/lib/action_dispatch/middleware/templates/rescues/diagnostics.erb within rescues/layout (3.9ms)


Started GET "/assets/rails.png" for 127.0.0.1 at 2011-10-12 21:42:16 +0100
Served asset /rails.png - 200 OK (34ms)


Started GET "/assets/rails.png" for 127.0.0.1 at 2011-10-12 21:42:41 +0100
Served asset /rails.png - 200 OK (0ms)


Started GET "/searches/" for 127.0.0.1 at 2011-10-12 21:42:48 +0100

SyntaxError (/Users/mattslight/Development/TwitterHacks/app/models/search.rb:4: syntax error, unexpected $end, expecting keyword_end):
  app/controllers/searches_controller.rb:1:in `<top (required)>'

Rendered /Users/mattslight/.rvm/gems/ruby-1.9.2-p290/gems/actionpack-3.1.1/lib/action_dispatch/middleware/templates/rescues/_trace.erb (1.3ms)
Rendered /Users/mattslight/.rvm/gems/ruby-1.9.2-p290/gems/actionpack-3.1.1/lib/action_dispatch/middleware/templates/rescues/_request_and_response.erb (6.6ms)
Rendered /Users/mattslight/.rvm/gems/ruby-1.9.2-p290/gems/actionpack-3.1.1/lib/action_dispatch/middleware/templates/rescues/diagnostics.erb within rescues/layout (21.4ms)


Started GET "/searches/" for 127.0.0.1 at 2011-10-12 21:44:08 +0100
  Processing by SearchesController#index as HTML
Completed 500 Internal Server Error in 0ms

NoMethodError (undefined method `all' for Search:Class):
  app/controllers/searches_controller.rb:4:in `index'

Rendered /Users/mattslight/.rvm/gems/ruby-1.9.2-p290/gems/actionpack-3.1.1/lib/action_dispatch/middleware/templates/rescues/_trace.erb (1.2ms)
Rendered /Users/mattslight/.rvm/gems/ruby-1.9.2-p290/gems/actionpack-3.1.1/lib/action_dispatch/middleware/templates/rescues/_request_and_response.erb (0.8ms)
Rendered /Users/mattslight/.rvm/gems/ruby-1.9.2-p290/gems/actionpack-3.1.1/lib/action_dispatch/middleware/templates/rescues/diagnostics.erb within rescues/layout (3.7ms)


Started GET "/searches/" for 127.0.0.1 at 2011-10-12 21:45:13 +0100
  Processing by SearchesController#index as HTML
Rendered searches/index.html.erb within layouts/application (35.5ms)
Completed 500 Internal Server Error in 59ms

ActionView::Template::Error (You have a nil object when you didn't expect it!
You might have expected an instance of Array.
The error occurred while evaluating nil.each):
    8:     <th></th>
    9:   </tr>
    10: 
    11: <% @searches.each do |search| %>
    12:   <tr>
    13:     <td><%= search.query %></td>
    14:     <td><%= link_to 'Show', search %></td>
  app/views/searches/index.html.erb:11:in `_app_views_searches_index_html_erb__3714519642674450989_70176641441640'

Rendered /Users/mattslight/.rvm/gems/ruby-1.9.2-p290/gems/actionpack-3.1.1/lib/action_dispatch/middleware/templates/rescues/_trace.erb (1.2ms)
Rendered /Users/mattslight/.rvm/gems/ruby-1.9.2-p290/gems/actionpack-3.1.1/lib/action_dispatch/middleware/templates/rescues/_request_and_response.erb (0.8ms)
Rendered /Users/mattslight/.rvm/gems/ruby-1.9.2-p290/gems/actionpack-3.1.1/lib/action_dispatch/middleware/templates/rescues/template_error.erb within rescues/layout (3.8ms)


Started GET "/searches/" for 127.0.0.1 at 2011-10-12 21:52:53 +0100
  Processing by SearchesController#index as HTML
Completed 500 Internal Server Error in 3ms

ActionView::MissingTemplate (Missing template searches/index, application/index with {:handlers=>[:erb, :builder, :coffee], :formats=>[:html], :locale=>[:en, :en]}. Searched in:
  * "/Users/mattslight/Development/TwitterHacks/app/views"
):
  

Rendered /Users/mattslight/.rvm/gems/ruby-1.9.2-p290/gems/actionpack-3.1.1/lib/action_dispatch/middleware/templates/rescues/missing_template.erb within rescues/layout (0.4ms)


Started GET "/assets/rails.png" for 127.0.0.1 at 2011-10-12 21:59:44 +0100
Served asset /rails.png - 304 Not Modified (0ms)


Started GET "/searches/" for 127.0.0.1 at 2011-10-12 21:59:47 +0100
  Processing by SearchesController#index as HTML
Completed 500 Internal Server Error in 3ms

ActionView::MissingTemplate (Missing template searches/index, application/index with {:handlers=>[:erb, :builder, :coffee], :formats=>[:html], :locale=>[:en, :en]}. Searched in:
  * "/Users/mattslight/Development/TwitterHacks/app/views"
):
  

Rendered /Users/mattslight/.rvm/gems/ruby-1.9.2-p290/gems/actionpack-3.1.1/lib/action_dispatch/middleware/templates/rescues/missing_template.erb within rescues/layout (0.4ms)


Started GET "/searches/" for 127.0.0.1 at 2011-10-12 22:01:36 +0100
  Processing by SearchesController#index as HTML
Completed 500 Internal Server Error in 3ms

ActionView::MissingTemplate (Missing template searches/index, application/index with {:handlers=>[:erb, :builder, :coffee], :formats=>[:html], :locale=>[:en, :en]}. Searched in:
  * "/Users/mattslight/Development/TwitterHacks/app/views"
):
  

Rendered /Users/mattslight/.rvm/gems/ruby-1.9.2-p290/gems/actionpack-3.1.1/lib/action_dispatch/middleware/templates/rescues/missing_template.erb within rescues/layout (0.3ms)


Started GET "/searches/" for 127.0.0.1 at 2011-10-12 22:02:16 +0100
  Processing by SearchesController#index as HTML
Rendered searches/index.html.haml within layouts/application (1.1ms)
Compiled application.css  (1ms)  (pid 17060)
Compiled scaffolds.css  (21ms)  (pid 17060)
Compiled searches.css  (1ms)  (pid 17060)
Compiled application.js  (26ms)  (pid 17060)
Compiled jquery.js  (17ms)  (pid 17060)
Compiled jquery_ujs.js  (4ms)  (pid 17060)
Compiled searches.js  (193ms)  (pid 17060)
Completed 200 OK in 429ms (Views: 428.5ms | ActiveRecord: 0.0ms)


Started GET "/assets/application.css?body=1" for 127.0.0.1 at 2011-10-12 22:02:17 +0100
Served asset /application.css - 200 OK (0ms)


Started GET "/assets/jquery.js?body=1" for 127.0.0.1 at 2011-10-12 22:02:17 +0100
Served asset /jquery.js - 200 OK (4ms)


Started GET "/assets/scaffolds.css?body=1" for 127.0.0.1 at 2011-10-12 22:02:17 +0100
Served asset /scaffolds.css - 200 OK (3ms)


Started GET "/assets/searches.css?body=1" for 127.0.0.1 at 2011-10-12 22:02:17 +0100
Served asset /searches.css - 200 OK (2ms)


Started GET "/assets/jquery_ujs.js?body=1" for 127.0.0.1 at 2011-10-12 22:02:17 +0100
Served asset /jquery_ujs.js - 200 OK (2ms)


Started GET "/assets/searches.js?body=1" for 127.0.0.1 at 2011-10-12 22:02:17 +0100
Served asset /searches.js - 200 OK (1ms)


Started GET "/assets/application.js?body=1" for 127.0.0.1 at 2011-10-12 22:02:17 +0100
Served asset /application.js - 200 OK (0ms)


Started GET "/searches/test" for 127.0.0.1 at 2011-10-12 22:03:01 +0100
  Processing by SearchesController#show as HTML
  Parameters: {"query"=>"test"}
Completed 500 Internal Server Error in 0ms

NoMethodError (undefined method `find' for Search:Class):
  app/controllers/searches_controller.rb:7:in `show'

Rendered /Users/mattslight/.rvm/gems/ruby-1.9.2-p290/gems/actionpack-3.1.1/lib/action_dispatch/middleware/templates/rescues/_trace.erb (1.1ms)
Rendered /Users/mattslight/.rvm/gems/ruby-1.9.2-p290/gems/actionpack-3.1.1/lib/action_dispatch/middleware/templates/rescues/_request_and_response.erb (0.8ms)
Rendered /Users/mattslight/.rvm/gems/ruby-1.9.2-p290/gems/actionpack-3.1.1/lib/action_dispatch/middleware/templates/rescues/diagnostics.erb within rescues/layout (3.7ms)


Started GET "/searches/test" for 127.0.0.1 at 2011-10-12 22:04:05 +0100
  Processing by SearchesController#show as HTML
  Parameters: {"query"=>"test"}
Completed 500 Internal Server Error in 0ms

NoMethodError (undefined method `find' for Search:Class):
  app/controllers/searches_controller.rb:7:in `show'

Rendered /Users/mattslight/.rvm/gems/ruby-1.9.2-p290/gems/actionpack-3.1.1/lib/action_dispatch/middleware/templates/rescues/_trace.erb (1.2ms)
Rendered /Users/mattslight/.rvm/gems/ruby-1.9.2-p290/gems/actionpack-3.1.1/lib/action_dispatch/middleware/templates/rescues/_request_and_response.erb (0.8ms)
Rendered /Users/mattslight/.rvm/gems/ruby-1.9.2-p290/gems/actionpack-3.1.1/lib/action_dispatch/middleware/templates/rescues/diagnostics.erb within rescues/layout (3.7ms)


Started GET "/searches/test" for 127.0.0.1 at 2011-10-12 22:04:07 +0100
  Processing by SearchesController#show as HTML
  Parameters: {"query"=>"test"}
Completed 500 Internal Server Error in 0ms

NoMethodError (undefined method `find' for Search:Class):
  app/controllers/searches_controller.rb:7:in `show'

Rendered /Users/mattslight/.rvm/gems/ruby-1.9.2-p290/gems/actionpack-3.1.1/lib/action_dispatch/middleware/templates/rescues/_trace.erb (1.1ms)
Rendered /Users/mattslight/.rvm/gems/ruby-1.9.2-p290/gems/actionpack-3.1.1/lib/action_dispatch/middleware/templates/rescues/_request_and_response.erb (0.9ms)
Rendered /Users/mattslight/.rvm/gems/ruby-1.9.2-p290/gems/actionpack-3.1.1/lib/action_dispatch/middleware/templates/rescues/diagnostics.erb within rescues/layout (3.8ms)


Started GET "/searches/test" for 127.0.0.1 at 2011-10-12 22:08:42 +0100
  Processing by SearchesController#show as HTML
  Parameters: {"query"=>"test"}
Completed 500 Internal Server Error in 0ms

NoMethodError (undefined method `search' for Search:Class):
  app/controllers/searches_controller.rb:7:in `show'

Rendered /Users/mattslight/.rvm/gems/ruby-1.9.2-p290/gems/actionpack-3.1.1/lib/action_dispatch/middleware/templates/rescues/_trace.erb (1.1ms)
Rendered /Users/mattslight/.rvm/gems/ruby-1.9.2-p290/gems/actionpack-3.1.1/lib/action_dispatch/middleware/templates/rescues/_request_and_response.erb (0.8ms)
Rendered /Users/mattslight/.rvm/gems/ruby-1.9.2-p290/gems/actionpack-3.1.1/lib/action_dispatch/middleware/templates/rescues/diagnostics.erb within rescues/layout (3.7ms)


Started GET "/searches/test" for 127.0.0.1 at 2011-10-12 22:13:14 +0100
  Processing by SearchesController#show as HTML
  Parameters: {"query"=>"test"}
Completed 500 Internal Server Error in 0ms

NoMethodError (undefined method `search' for Search:Class):
  app/controllers/searches_controller.rb:7:in `show'

Rendered /Users/mattslight/.rvm/gems/ruby-1.9.2-p290/gems/actionpack-3.1.1/lib/action_dispatch/middleware/templates/rescues/_trace.erb (1.2ms)
Rendered /Users/mattslight/.rvm/gems/ruby-1.9.2-p290/gems/actionpack-3.1.1/lib/action_dispatch/middleware/templates/rescues/_request_and_response.erb (0.9ms)
Rendered /Users/mattslight/.rvm/gems/ruby-1.9.2-p290/gems/actionpack-3.1.1/lib/action_dispatch/middleware/templates/rescues/diagnostics.erb within rescues/layout (4.0ms)


Started GET "/searches/test" for 127.0.0.1 at 2011-10-12 22:13:16 +0100
  Processing by SearchesController#show as HTML
  Parameters: {"query"=>"test"}
Completed 500 Internal Server Error in 1ms

NoMethodError (undefined method `search' for Search:Class):
  app/controllers/searches_controller.rb:7:in `show'

Rendered /Users/mattslight/.rvm/gems/ruby-1.9.2-p290/gems/actionpack-3.1.1/lib/action_dispatch/middleware/templates/rescues/_trace.erb (1.2ms)
Rendered /Users/mattslight/.rvm/gems/ruby-1.9.2-p290/gems/actionpack-3.1.1/lib/action_dispatch/middleware/templates/rescues/_request_and_response.erb (27.2ms)
Rendered /Users/mattslight/.rvm/gems/ruby-1.9.2-p290/gems/actionpack-3.1.1/lib/action_dispatch/middleware/templates/rescues/diagnostics.erb within rescues/layout (30.3ms)
